-------------------------------------------------------------------------------
Test set: com.app.banking.dao.test.UserDAOImplTest
-------------------------------------------------------------------------------
Tests run: 7, Failures: 5, Errors: 0, Skipped: 0, Time elapsed: 0.845 s <<< FAILURE! - in com.app.banking.dao.test.UserDAOImplTest
testGetUserByUserId  Time elapsed: 0.018 s  <<< FAILURE!
org.opentest4j.AssertionFailedError: Not yet implemented
	at com.app.banking.dao.test.UserDAOImplTest.testGetUserByUserId(UserDAOImplTest.java:55)

testAddUser  Time elapsed: 0 s  <<< FAILURE!
org.opentest4j.AssertionFailedError: Not yet implemented
	at com.app.banking.dao.test.UserDAOImplTest.testAddUser(UserDAOImplTest.java:65)

testUpdateUser  Time elapsed: 0 s  <<< FAILURE!
org.opentest4j.AssertionFailedError: Not yet implemented
	at com.app.banking.dao.test.UserDAOImplTest.testUpdateUser(UserDAOImplTest.java:43)

testEditUserByAdmin  Time elapsed: 0 s  <<< FAILURE!
org.opentest4j.AssertionFailedError: Not yet implemented
	at com.app.banking.dao.test.UserDAOImplTest.testEditUserByAdmin(UserDAOImplTest.java:60)

testValidateUsername  Time elapsed: 0 s  <<< FAILURE!
org.opentest4j.AssertionFailedError: Not yet implemented
	at com.app.banking.dao.test.UserDAOImplTest.testValidateUsername(UserDAOImplTest.java:70)

