<?xml version="1.0" encoding="UTF-8"?>
<testsuite xmlns:xsi="http://www.w3.org/2001/XMLSchema-instance" xsi:noNamespaceSchemaLocation="https://maven.apache.org/surefire/maven-surefire-plugin/xsd/surefire-test-report.xsd" name="com.app.banking.dao.test.UserDAOImplTest" time="0.845" tests="7" errors="0" skipped="0" failures="5">
  <properties>
[...]
</properties>
  <testcase name="testGetUserByUserId" classname="com.app.banking.dao.test.UserDAOImplTest" time="0.018">
    <failure message="Not yet implemented" type="org.opentest4j.AssertionFailedError">org.opentest4j.AssertionFailedError: Not yet implemented
	at com.app.banking.dao.test.UserDAOImplTest.testGetUserByUserId(UserDAOImplTest.java:55)
</failure>
  </testcase>
  <testcase name="testAddUser" classname="com.app.banking.dao.test.UserDAOImplTest" time="0">
    <failure message="Not yet implemented" type="org.opentest4j.AssertionFailedError">org.opentest4j.AssertionFailedError: Not yet implemented
	at com.app.banking.dao.test.UserDAOImplTest.testAddUser(UserDAOImplTest.java:65)
</failure>
  </testcase>
  <testcase name="testGetAllUsers" classname="com.app.banking.dao.test.UserDAOImplTest" time="0.767"/>
  <testcase name="testUpdateUser" classname="com.app.banking.dao.test.UserDAOImplTest" time="0">
    <failure message="Not yet implemented" type="org.opentest4j.AssertionFailedError">org.opentest4j.AssertionFailedError: Not yet implemented
	at com.app.banking.dao.test.UserDAOImplTest.testUpdateUser(UserDAOImplTest.java:43)
</failure>
  </testcase>
  <testcase name="testGetUserByUsername" classname="com.app.banking.dao.test.UserDAOImplTest" time="0.048"/>
  <testcase name="testEditUserByAdmin" classname="com.app.banking.dao.test.UserDAOImplTest" time="0">
    <failure message="Not yet implemented" type="org.opentest4j.AssertionFailedError">org.opentest4j.AssertionFailedError: Not yet implemented
	at com.app.banking.dao.test.UserDAOImplTest.testEditUserByAdmin(UserDAOImplTest.java:60)
</failure>
  </testcase>
  <testcase name="testValidateUsername" classname="com.app.banking.dao.test.UserDAOImplTest" time="0">
    <failure message="Not yet implemented" type="org.opentest4j.AssertionFailedError">org.opentest4j.AssertionFailedError: Not yet implemented
	at com.app.banking.dao.test.UserDAOImplTest.testValidateUsername(UserDAOImplTest.java:70)
</failure>
  </testcase>
</testsuite>